2018-04-02 16:19:02 - DEBUG - LoggerManager init done
2018-04-02 16:19:02 - DEBUG - DataStorageManager init begin
2018-04-02 16:19:02 - DEBUG - ..FileStorage init begin
2018-04-02 16:19:02 - DEBUG - ..FileStorage init done
2018-04-02 16:19:02 - DEBUG - DataStorageManager init done
2018-04-02 16:19:02 - DEBUG - ProxyHubManager init begin
2018-04-02 16:19:02 - DEBUG - no proxy config
2018-04-02 16:19:02 - DEBUG - ProxyHubManager init done
2018-04-02 16:19:02 - DEBUG - DownloaderManager init begin
2018-04-02 16:19:02 - DEBUG - DownloaderManager init done
2018-04-02 16:19:02 - DEBUG - CrawlerManager init done
2018-04-02 16:19:02 - DEBUG - 
=========================
Crawler Start
crawler number: 3
task number: 1
=========================
2018-04-02 16:19:02 - DEBUG - Lianjia0 start
2018-04-02 16:19:02 - DEBUG - Lianjia1 start
2018-04-02 16:19:02 - DEBUG - Lianjia0 https://sh.lianjia.com/ershoufang/rs%E4%B8%8A%E6%B5%B7%E5%BA%B7%E5%9F%8E/ start
2018-04-02 16:19:02 - DEBUG - Lianjia2 start
2018-04-02 16:19:02 - DEBUG - >>init CrawlerMonitor begin
2018-04-02 16:19:02 - DEBUG - >>init CrawlerMonitor complete
2018-04-02 16:19:02 - DEBUG - >>crawler monitor start
2018-04-02 16:19:03 - ERROR - invalid charset, no charset matched
2018-04-02 16:19:03 - DEBUG - Lianjia0 https://sh.lianjia.com/ershoufang/rs%E4%B8%8A%E6%B5%B7%E5%BA%B7%E5%9F%8E/ get web done
2018-04-02 16:19:29 - DEBUG - LoggerManager init done
2018-04-02 16:19:29 - DEBUG - DataStorageManager init begin
2018-04-02 16:19:29 - DEBUG - ..FileStorage init begin
2018-04-02 16:19:29 - DEBUG - ..FileStorage init done
2018-04-02 16:19:29 - DEBUG - DataStorageManager init done
2018-04-02 16:19:29 - DEBUG - ProxyHubManager init begin
2018-04-02 16:19:29 - DEBUG - no proxy config
2018-04-02 16:19:29 - DEBUG - ProxyHubManager init done
2018-04-02 16:19:29 - DEBUG - DownloaderManager init begin
2018-04-02 16:19:29 - DEBUG - DownloaderManager init done
2018-04-02 16:19:29 - DEBUG - CrawlerManager init done
2018-04-02 16:19:29 - DEBUG - 
=========================
Crawler Start
crawler number: 3
task number: 1
=========================
2018-04-02 16:19:29 - DEBUG - Lianjia0 start
2018-04-02 16:19:29 - DEBUG - Lianjia0 https://sh.lianjia.com/ershoufang/rs%E4%B8%8A%E6%B5%B7%E5%BA%B7%E5%9F%8E/ start
2018-04-02 16:19:29 - DEBUG - Lianjia1 start
2018-04-02 16:19:29 - DEBUG - Lianjia2 start
2018-04-02 16:19:29 - DEBUG - >>init CrawlerMonitor begin
2018-04-02 16:19:29 - DEBUG - >>init CrawlerMonitor complete
2018-04-02 16:19:29 - DEBUG - >>crawler monitor start
2018-04-02 16:19:30 - ERROR - invalid charset, no charset matched
2018-04-02 16:19:30 - DEBUG - Lianjia0 https://sh.lianjia.com/ershoufang/rs%E4%B8%8A%E6%B5%B7%E5%BA%B7%E5%9F%8E/ get web done
2018-04-02 16:21:26 - DEBUG - LoggerManager init done
2018-04-02 16:21:26 - DEBUG - DataStorageManager init begin
2018-04-02 16:21:26 - DEBUG - ..FileStorage init begin
2018-04-02 16:21:26 - DEBUG - ..FileStorage init done
2018-04-02 16:21:26 - DEBUG - DataStorageManager init done
2018-04-02 16:21:26 - DEBUG - ProxyHubManager init begin
2018-04-02 16:21:26 - DEBUG - no proxy config
2018-04-02 16:21:26 - DEBUG - ProxyHubManager init done
2018-04-02 16:21:26 - DEBUG - DownloaderManager init begin
2018-04-02 16:21:26 - DEBUG - DownloaderManager init done
2018-04-02 16:21:26 - DEBUG - CrawlerManager init done
2018-04-02 16:21:26 - DEBUG - 
=========================
Crawler Start
crawler number: 3
task number: 1
=========================
2018-04-02 16:21:26 - DEBUG - Lianjia0 start
2018-04-02 16:21:26 - DEBUG - Lianjia0 https://sh.lianjia.com/ershoufang/rs%E4%B8%8A%E6%B5%B7%E5%BA%B7%E5%9F%8E/ start
2018-04-02 16:21:26 - DEBUG - Lianjia1 start
2018-04-02 16:21:26 - DEBUG - Lianjia2 start
2018-04-02 16:21:26 - DEBUG - >>init CrawlerMonitor begin
2018-04-02 16:21:26 - DEBUG - >>init CrawlerMonitor complete
2018-04-02 16:21:26 - DEBUG - >>crawler monitor start
2018-04-02 16:21:27 - ERROR - invalid charset, no charset matched
2018-04-02 16:21:27 - DEBUG - Lianjia0 https://sh.lianjia.com/ershoufang/rs%E4%B8%8A%E6%B5%B7%E5%BA%B7%E5%9F%8E/ get web done
2018-04-02 16:22:14 - DEBUG - LoggerManager init done
2018-04-02 16:22:14 - DEBUG - DataStorageManager init begin
2018-04-02 16:22:14 - DEBUG - ..FileStorage init begin
2018-04-02 16:22:14 - DEBUG - ..FileStorage init done
2018-04-02 16:22:14 - DEBUG - DataStorageManager init done
2018-04-02 16:22:14 - DEBUG - ProxyHubManager init begin
2018-04-02 16:22:14 - DEBUG - no proxy config
2018-04-02 16:22:14 - DEBUG - ProxyHubManager init done
2018-04-02 16:22:14 - DEBUG - DownloaderManager init begin
2018-04-02 16:22:14 - DEBUG - DownloaderManager init done
2018-04-02 16:22:14 - DEBUG - CrawlerManager init done
2018-04-02 16:22:14 - DEBUG - 
=========================
Crawler Start
crawler number: 3
task number: 1
=========================
2018-04-02 16:22:14 - DEBUG - Lianjia0 start
2018-04-02 16:22:14 - DEBUG - Lianjia0 https://sh.lianjia.com/ershoufang/rs%E4%B8%8A%E6%B5%B7%E5%BA%B7%E5%9F%8E/ start
2018-04-02 16:22:14 - DEBUG - Lianjia1 start
2018-04-02 16:22:14 - DEBUG - Lianjia2 start
2018-04-02 16:22:14 - DEBUG - >>init CrawlerMonitor begin
2018-04-02 16:22:14 - DEBUG - >>init CrawlerMonitor complete
2018-04-02 16:22:14 - DEBUG - >>crawler monitor start
2018-04-02 16:22:15 - ERROR - invalid charset, no charset matched
2018-04-02 16:22:15 - DEBUG - Lianjia0 https://sh.lianjia.com/ershoufang/rs%E4%B8%8A%E6%B5%B7%E5%BA%B7%E5%9F%8E/ get web done
2018-04-02 16:22:34 - DEBUG - LoggerManager init done
2018-04-02 16:22:34 - DEBUG - DataStorageManager init begin
2018-04-02 16:22:34 - DEBUG - ..FileStorage init begin
2018-04-02 16:22:34 - DEBUG - ..FileStorage init done
2018-04-02 16:22:34 - DEBUG - DataStorageManager init done
2018-04-02 16:22:34 - DEBUG - ProxyHubManager init begin
2018-04-02 16:22:34 - DEBUG - no proxy config
2018-04-02 16:22:34 - DEBUG - ProxyHubManager init done
2018-04-02 16:22:34 - DEBUG - DownloaderManager init begin
2018-04-02 16:22:34 - DEBUG - DownloaderManager init done
2018-04-02 16:22:34 - DEBUG - CrawlerManager init done
2018-04-02 16:22:34 - DEBUG - 
=========================
Crawler Start
crawler number: 3
task number: 1
=========================
2018-04-02 16:22:34 - DEBUG - Lianjia0 start
2018-04-02 16:22:34 - DEBUG - Lianjia0 https://sh.lianjia.com/ershoufang/rs%E4%B8%8A%E6%B5%B7%E5%BA%B7%E5%9F%8E/ start
2018-04-02 16:22:34 - DEBUG - Lianjia1 start
2018-04-02 16:22:34 - DEBUG - Lianjia2 start
2018-04-02 16:22:34 - DEBUG - >>init CrawlerMonitor begin
2018-04-02 16:22:34 - DEBUG - >>init CrawlerMonitor complete
2018-04-02 16:22:34 - DEBUG - >>crawler monitor start
2018-04-02 16:22:35 - ERROR - invalid charset, no charset matched
2018-04-02 16:22:35 - DEBUG - Lianjia0 https://sh.lianjia.com/ershoufang/rs%E4%B8%8A%E6%B5%B7%E5%BA%B7%E5%9F%8E/ get web done
2018-04-02 16:22:50 - DEBUG - LoggerManager init done
2018-04-02 16:22:50 - DEBUG - DataStorageManager init begin
2018-04-02 16:22:50 - DEBUG - ..FileStorage init begin
2018-04-02 16:22:50 - DEBUG - ..FileStorage init done
2018-04-02 16:22:50 - DEBUG - DataStorageManager init done
2018-04-02 16:22:50 - DEBUG - ProxyHubManager init begin
2018-04-02 16:22:50 - DEBUG - no proxy config
2018-04-02 16:22:50 - DEBUG - ProxyHubManager init done
2018-04-02 16:22:50 - DEBUG - DownloaderManager init begin
2018-04-02 16:22:50 - DEBUG - DownloaderManager init done
2018-04-02 16:22:50 - DEBUG - CrawlerManager init done
2018-04-02 16:22:50 - DEBUG - 
=========================
Crawler Start
crawler number: 3
task number: 1
=========================
2018-04-02 16:22:50 - DEBUG - Lianjia0 start
2018-04-02 16:22:50 - DEBUG - Lianjia0 https://sh.lianjia.com/ershoufang/rs%E4%B8%8A%E6%B5%B7%E5%BA%B7%E5%9F%8E/ start
2018-04-02 16:22:50 - DEBUG - Lianjia1 start
2018-04-02 16:22:50 - DEBUG - Lianjia2 start
2018-04-02 16:22:50 - DEBUG - >>init CrawlerMonitor begin
2018-04-02 16:22:50 - DEBUG - >>init CrawlerMonitor complete
2018-04-02 16:22:50 - DEBUG - >>crawler monitor start
2018-04-02 16:22:51 - ERROR - invalid charset, no charset matched
2018-04-02 16:22:51 - DEBUG - Lianjia0 https://sh.lianjia.com/ershoufang/rs%E4%B8%8A%E6%B5%B7%E5%BA%B7%E5%9F%8E/ get web done
2018-04-02 16:23:13 - DEBUG - LoggerManager init done
2018-04-02 16:23:13 - DEBUG - DataStorageManager init begin
2018-04-02 16:23:13 - DEBUG - ..FileStorage init begin
2018-04-02 16:23:13 - DEBUG - ..FileStorage init done
2018-04-02 16:23:13 - DEBUG - DataStorageManager init done
2018-04-02 16:23:13 - DEBUG - ProxyHubManager init begin
2018-04-02 16:23:13 - DEBUG - no proxy config
2018-04-02 16:23:13 - DEBUG - ProxyHubManager init done
2018-04-02 16:23:13 - DEBUG - DownloaderManager init begin
2018-04-02 16:23:13 - DEBUG - DownloaderManager init done
2018-04-02 16:23:13 - DEBUG - CrawlerManager init done
2018-04-02 16:23:13 - DEBUG - 
=========================
Crawler Start
crawler number: 3
task number: 1
=========================
2018-04-02 16:23:13 - DEBUG - Lianjia0 start
2018-04-02 16:23:13 - DEBUG - Lianjia0 https://sh.lianjia.com/ershoufang/rs%E4%B8%8A%E6%B5%B7%E5%BA%B7%E5%9F%8E/ start
2018-04-02 16:23:13 - DEBUG - Lianjia1 start
2018-04-02 16:23:13 - DEBUG - Lianjia2 start
2018-04-02 16:23:13 - DEBUG - >>init CrawlerMonitor begin
2018-04-02 16:23:13 - DEBUG - >>init CrawlerMonitor complete
2018-04-02 16:23:13 - DEBUG - >>crawler monitor start
2018-04-02 16:23:14 - ERROR - invalid charset, no charset matched
2018-04-02 16:23:14 - DEBUG - Lianjia0 https://sh.lianjia.com/ershoufang/rs%E4%B8%8A%E6%B5%B7%E5%BA%B7%E5%9F%8E/ get web done
2018-04-02 16:23:56 - DEBUG - LoggerManager init done
2018-04-02 16:23:56 - DEBUG - DataStorageManager init begin
2018-04-02 16:23:56 - DEBUG - ..FileStorage init begin
2018-04-02 16:23:56 - DEBUG - ..FileStorage init done
2018-04-02 16:23:56 - DEBUG - DataStorageManager init done
2018-04-02 16:23:56 - DEBUG - ProxyHubManager init begin
2018-04-02 16:23:56 - DEBUG - no proxy config
2018-04-02 16:23:56 - DEBUG - ProxyHubManager init done
2018-04-02 16:23:56 - DEBUG - DownloaderManager init begin
2018-04-02 16:23:56 - DEBUG - DownloaderManager init done
2018-04-02 16:23:56 - DEBUG - CrawlerManager init done
2018-04-02 16:23:56 - DEBUG - 
=========================
Crawler Start
crawler number: 3
task number: 1
=========================
2018-04-02 16:23:56 - DEBUG - Lianjia0 start
2018-04-02 16:23:56 - DEBUG - Lianjia0 https://sh.lianjia.com/ershoufang/rs%E4%B8%8A%E6%B5%B7%E5%BA%B7%E5%9F%8E/ start
2018-04-02 16:23:56 - DEBUG - Lianjia1 start
2018-04-02 16:23:56 - DEBUG - Lianjia2 start
2018-04-02 16:23:56 - DEBUG - >>init CrawlerMonitor begin
2018-04-02 16:23:56 - DEBUG - >>init CrawlerMonitor complete
2018-04-02 16:23:56 - DEBUG - >>crawler monitor start
2018-04-02 16:23:58 - ERROR - invalid charset, no charset matched
2018-04-02 16:23:58 - DEBUG - Lianjia0 https://sh.lianjia.com/ershoufang/rs%E4%B8%8A%E6%B5%B7%E5%BA%B7%E5%9F%8E/ get web done
2018-04-02 16:25:07 - DEBUG - LoggerManager init done
2018-04-02 16:25:07 - DEBUG - DataStorageManager init begin
2018-04-02 16:25:07 - DEBUG - ..FileStorage init begin
2018-04-02 16:25:07 - DEBUG - ..FileStorage init done
2018-04-02 16:25:07 - DEBUG - DataStorageManager init done
2018-04-02 16:25:07 - DEBUG - ProxyHubManager init begin
2018-04-02 16:25:07 - DEBUG - no proxy config
2018-04-02 16:25:07 - DEBUG - ProxyHubManager init done
2018-04-02 16:25:07 - DEBUG - DownloaderManager init begin
2018-04-02 16:25:07 - DEBUG - DownloaderManager init done
2018-04-02 16:25:07 - DEBUG - CrawlerManager init done
2018-04-02 16:25:07 - DEBUG - 
=========================
Crawler Start
crawler number: 3
task number: 1
=========================
2018-04-02 16:25:07 - DEBUG - Lianjia0 start
2018-04-02 16:25:07 - DEBUG - Lianjia0 https://sh.lianjia.com/ershoufang/rs%E4%B8%8A%E6%B5%B7%E5%BA%B7%E5%9F%8E/ start
2018-04-02 16:25:07 - DEBUG - Lianjia1 start
2018-04-02 16:25:07 - DEBUG - Lianjia2 start
2018-04-02 16:25:07 - DEBUG - >>init CrawlerMonitor begin
2018-04-02 16:25:07 - DEBUG - >>init CrawlerMonitor complete
2018-04-02 16:25:07 - DEBUG - >>crawler monitor start
2018-04-02 16:25:08 - ERROR - invalid charset, no charset matched
2018-04-02 16:25:08 - DEBUG - Lianjia0 https://sh.lianjia.com/ershoufang/rs%E4%B8%8A%E6%B5%B7%E5%BA%B7%E5%9F%8E/ get web done
2018-04-02 16:27:34 - DEBUG - LoggerManager init done
2018-04-02 16:27:34 - DEBUG - DataStorageManager init begin
2018-04-02 16:27:34 - DEBUG - ..FileStorage init begin
2018-04-02 16:27:34 - DEBUG - ..FileStorage init done
2018-04-02 16:27:34 - DEBUG - DataStorageManager init done
2018-04-02 16:27:34 - DEBUG - ProxyHubManager init begin
2018-04-02 16:27:34 - DEBUG - no proxy config
2018-04-02 16:27:34 - DEBUG - ProxyHubManager init done
2018-04-02 16:27:34 - DEBUG - DownloaderManager init begin
2018-04-02 16:27:34 - DEBUG - DownloaderManager init done
2018-04-02 16:27:34 - DEBUG - CrawlerManager init done
2018-04-02 16:27:34 - DEBUG - 
=========================
Crawler Start
crawler number: 3
task number: 1
=========================
2018-04-02 16:27:34 - DEBUG - Lianjia0 start
2018-04-02 16:27:34 - DEBUG - Lianjia0 https://sh.lianjia.com/ershoufang/rs%E4%B8%8A%E6%B5%B7%E5%BA%B7%E5%9F%8E/ start
2018-04-02 16:27:34 - DEBUG - Lianjia1 start
2018-04-02 16:27:34 - DEBUG - Lianjia2 start
2018-04-02 16:27:34 - DEBUG - >>init CrawlerMonitor begin
2018-04-02 16:27:34 - DEBUG - >>init CrawlerMonitor complete
2018-04-02 16:27:34 - DEBUG - >>crawler monitor start
2018-04-02 16:27:35 - ERROR - invalid charset, no charset matched
2018-04-02 16:27:35 - DEBUG - Lianjia0 https://sh.lianjia.com/ershoufang/rs%E4%B8%8A%E6%B5%B7%E5%BA%B7%E5%9F%8E/ get web done
2018-04-02 16:27:51 - DEBUG - LoggerManager init done
2018-04-02 16:27:51 - DEBUG - DataStorageManager init begin
2018-04-02 16:27:51 - DEBUG - ..FileStorage init begin
2018-04-02 16:27:51 - DEBUG - ..FileStorage init done
2018-04-02 16:27:51 - DEBUG - DataStorageManager init done
2018-04-02 16:27:51 - DEBUG - ProxyHubManager init begin
2018-04-02 16:27:51 - DEBUG - no proxy config
2018-04-02 16:27:51 - DEBUG - ProxyHubManager init done
2018-04-02 16:27:51 - DEBUG - DownloaderManager init begin
2018-04-02 16:27:51 - DEBUG - DownloaderManager init done
2018-04-02 16:27:51 - DEBUG - CrawlerManager init done
2018-04-02 16:27:51 - DEBUG - 
=========================
Crawler Start
crawler number: 3
task number: 1
=========================
2018-04-02 16:27:51 - DEBUG - Lianjia0 start
2018-04-02 16:27:51 - DEBUG - Lianjia0 https://sh.lianjia.com/ershoufang/rs%E4%B8%8A%E6%B5%B7%E5%BA%B7%E5%9F%8E/ start
2018-04-02 16:27:51 - DEBUG - Lianjia1 start
2018-04-02 16:27:51 - DEBUG - Lianjia2 start
2018-04-02 16:27:51 - DEBUG - >>init CrawlerMonitor begin
2018-04-02 16:27:51 - DEBUG - >>init CrawlerMonitor complete
2018-04-02 16:27:51 - DEBUG - >>crawler monitor start
2018-04-02 16:27:52 - ERROR - invalid charset, no charset matched
2018-04-02 16:27:52 - DEBUG - Lianjia0 https://sh.lianjia.com/ershoufang/rs%E4%B8%8A%E6%B5%B7%E5%BA%B7%E5%9F%8E/ get web done
2018-04-02 16:28:40 - DEBUG - LoggerManager init done
2018-04-02 16:28:40 - DEBUG - DataStorageManager init begin
2018-04-02 16:28:40 - DEBUG - ..FileStorage init begin
2018-04-02 16:28:40 - DEBUG - ..FileStorage init done
2018-04-02 16:28:40 - DEBUG - DataStorageManager init done
2018-04-02 16:28:40 - DEBUG - ProxyHubManager init begin
2018-04-02 16:28:40 - DEBUG - no proxy config
2018-04-02 16:28:40 - DEBUG - ProxyHubManager init done
2018-04-02 16:28:40 - DEBUG - DownloaderManager init begin
2018-04-02 16:28:40 - DEBUG - DownloaderManager init done
2018-04-02 16:28:40 - DEBUG - CrawlerManager init done
2018-04-02 16:28:40 - DEBUG - 
=========================
Crawler Start
crawler number: 3
task number: 1
=========================
2018-04-02 16:28:40 - DEBUG - Lianjia0 start
2018-04-02 16:28:40 - DEBUG - Lianjia0 https://sh.lianjia.com/ershoufang/rs%E4%B8%8A%E6%B5%B7%E5%BA%B7%E5%9F%8E/ start
2018-04-02 16:28:40 - DEBUG - Lianjia1 start
2018-04-02 16:28:40 - DEBUG - Lianjia2 start
2018-04-02 16:28:40 - DEBUG - >>init CrawlerMonitor begin
2018-04-02 16:28:40 - DEBUG - >>init CrawlerMonitor complete
2018-04-02 16:28:40 - DEBUG - >>crawler monitor start
2018-04-02 16:28:41 - ERROR - invalid charset, no charset matched
2018-04-02 16:28:41 - DEBUG - Lianjia0 https://sh.lianjia.com/ershoufang/rs%E4%B8%8A%E6%B5%B7%E5%BA%B7%E5%9F%8E/ get web done
2018-04-02 16:29:43 - DEBUG - LoggerManager init done
2018-04-02 16:29:43 - DEBUG - DataStorageManager init begin
2018-04-02 16:29:43 - DEBUG - ..FileStorage init begin
2018-04-02 16:29:43 - DEBUG - ..FileStorage init done
2018-04-02 16:29:43 - DEBUG - DataStorageManager init done
2018-04-02 16:29:43 - DEBUG - ProxyHubManager init begin
2018-04-02 16:29:43 - DEBUG - no proxy config
2018-04-02 16:29:43 - DEBUG - ProxyHubManager init done
2018-04-02 16:29:43 - DEBUG - DownloaderManager init begin
2018-04-02 16:29:43 - DEBUG - DownloaderManager init done
2018-04-02 16:29:43 - DEBUG - CrawlerManager init done
2018-04-02 16:29:43 - DEBUG - 
=========================
Crawler Start
crawler number: 3
task number: 1
=========================
2018-04-02 16:29:43 - DEBUG - Lianjia0 start
2018-04-02 16:29:43 - DEBUG - Lianjia0 https://sh.lianjia.com/ershoufang/rs%E4%B8%8A%E6%B5%B7%E5%BA%B7%E5%9F%8E/ start
2018-04-02 16:29:43 - DEBUG - Lianjia1 start
2018-04-02 16:29:43 - DEBUG - Lianjia2 start
2018-04-02 16:29:43 - DEBUG - >>init CrawlerMonitor begin
2018-04-02 16:29:43 - DEBUG - >>init CrawlerMonitor complete
2018-04-02 16:29:43 - DEBUG - >>crawler monitor start
2018-04-02 16:29:44 - ERROR - invalid charset, no charset matched
2018-04-02 16:29:44 - DEBUG - Lianjia0 https://sh.lianjia.com/ershoufang/rs%E4%B8%8A%E6%B5%B7%E5%BA%B7%E5%9F%8E/ get web done
2018-04-02 16:29:44 - INFO - Lianjia0 https://sh.lianjia.com/ershoufang/rs%E4%B8%8A%E6%B5%B7%E5%BA%B7%E5%9F%8E/ process done
2018-04-02 16:29:53 - DEBUG - all crawlers are not busy, close all
2018-04-02 16:29:53 - DEBUG - Lianjia0 close
2018-04-02 16:29:55 - DEBUG - Lianjia1 close
2018-04-02 16:29:55 - DEBUG - Lianjia2 close
2018-04-02 16:31:20 - DEBUG - LoggerManager init done
2018-04-02 16:31:20 - DEBUG - DataStorageManager init begin
2018-04-02 16:31:20 - DEBUG - ..FileStorage init begin
2018-04-02 16:31:20 - DEBUG - ..FileStorage init done
2018-04-02 16:31:20 - DEBUG - DataStorageManager init done
2018-04-02 16:31:20 - DEBUG - ProxyHubManager init begin
2018-04-02 16:31:20 - DEBUG - no proxy config
2018-04-02 16:31:20 - DEBUG - ProxyHubManager init done
2018-04-02 16:31:20 - DEBUG - DownloaderManager init begin
2018-04-02 16:31:20 - DEBUG - DownloaderManager init done
2018-04-02 16:31:20 - DEBUG - CrawlerManager init done
2018-04-02 16:31:20 - DEBUG - 
=========================
Crawler Start
crawler number: 3
task number: 1
=========================
2018-04-02 16:31:20 - DEBUG - Lianjia0 start
2018-04-02 16:31:20 - DEBUG - Lianjia0 https://sh.lianjia.com/ershoufang/rs%E4%B8%8A%E6%B5%B7%E5%BA%B7%E5%9F%8E/ start
2018-04-02 16:31:20 - DEBUG - Lianjia1 start
2018-04-02 16:31:20 - DEBUG - Lianjia2 start
2018-04-02 16:31:20 - DEBUG - >>init CrawlerMonitor begin
2018-04-02 16:31:20 - DEBUG - >>init CrawlerMonitor complete
2018-04-02 16:31:20 - DEBUG - >>crawler monitor start
2018-04-02 16:31:21 - ERROR - invalid charset, no charset matched
2018-04-02 16:31:21 - DEBUG - Lianjia0 https://sh.lianjia.com/ershoufang/rs%E4%B8%8A%E6%B5%B7%E5%BA%B7%E5%9F%8E/ get web done
2018-04-02 16:31:21 - INFO - Lianjia0 https://sh.lianjia.com/ershoufang/rs%E4%B8%8A%E6%B5%B7%E5%BA%B7%E5%9F%8E/ process done
2018-04-02 16:36:21 - DEBUG - LoggerManager init done
2018-04-02 16:36:21 - DEBUG - DataStorageManager init begin
2018-04-02 16:36:21 - DEBUG - ..FileStorage init begin
2018-04-02 16:36:21 - DEBUG - ..FileStorage init done
2018-04-02 16:36:21 - DEBUG - DataStorageManager init done
2018-04-02 16:36:21 - DEBUG - ProxyHubManager init begin
2018-04-02 16:36:21 - DEBUG - no proxy config
2018-04-02 16:36:21 - DEBUG - ProxyHubManager init done
2018-04-02 16:36:21 - DEBUG - DownloaderManager init begin
2018-04-02 16:36:21 - DEBUG - DownloaderManager init done
2018-04-02 16:36:21 - DEBUG - CrawlerManager init done
2018-04-02 16:36:21 - DEBUG - 
=========================
Crawler Start
crawler number: 3
task number: 1
=========================
2018-04-02 16:36:21 - DEBUG - Lianjia0 start
2018-04-02 16:36:21 - DEBUG - Lianjia0 https://sh.lianjia.com/ershoufang/rs%E4%B8%8A%E6%B5%B7%E5%BA%B7%E5%9F%8E/ start
2018-04-02 16:36:21 - DEBUG - Lianjia1 start
2018-04-02 16:36:21 - DEBUG - Lianjia2 start
2018-04-02 16:36:21 - DEBUG - >>init CrawlerMonitor begin
2018-04-02 16:36:21 - DEBUG - >>init CrawlerMonitor complete
2018-04-02 16:36:21 - DEBUG - >>crawler monitor start
2018-04-02 16:36:22 - ERROR - invalid charset, no charset matched
2018-04-02 16:36:22 - DEBUG - Lianjia0 https://sh.lianjia.com/ershoufang/rs%E4%B8%8A%E6%B5%B7%E5%BA%B7%E5%9F%8E/ get web done
2018-04-02 16:36:22 - INFO - Lianjia0 https://sh.lianjia.com/ershoufang/rs%E4%B8%8A%E6%B5%B7%E5%BA%B7%E5%9F%8E/ process done
2018-04-02 16:36:31 - DEBUG - all crawlers are not busy, close all
2018-04-02 16:36:31 - DEBUG - Lianjia0 close
2018-04-02 16:36:33 - DEBUG - Lianjia1 close
2018-04-02 16:36:33 - DEBUG - Lianjia2 close
2018-04-02 16:36:46 - DEBUG - LoggerManager init done
2018-04-02 16:36:46 - DEBUG - DataStorageManager init begin
2018-04-02 16:36:46 - DEBUG - ..FileStorage init begin
2018-04-02 16:36:46 - DEBUG - ..FileStorage init done
2018-04-02 16:36:46 - DEBUG - DataStorageManager init done
2018-04-02 16:36:46 - DEBUG - ProxyHubManager init begin
2018-04-02 16:36:46 - DEBUG - no proxy config
2018-04-02 16:36:46 - DEBUG - ProxyHubManager init done
2018-04-02 16:36:46 - DEBUG - DownloaderManager init begin
2018-04-02 16:36:46 - DEBUG - DownloaderManager init done
2018-04-02 16:36:46 - DEBUG - CrawlerManager init done
2018-04-02 16:36:46 - DEBUG - 
=========================
Crawler Start
crawler number: 3
task number: 1
=========================
2018-04-02 16:36:46 - DEBUG - Lianjia0 start
2018-04-02 16:36:46 - DEBUG - Lianjia1 start
2018-04-02 16:36:46 - DEBUG - Lianjia0 https://sh.lianjia.com/ershoufang/rs%E4%B8%8A%E6%B5%B7%E5%BA%B7%E5%9F%8E/ start
2018-04-02 16:36:46 - DEBUG - Lianjia2 start
2018-04-02 16:36:46 - DEBUG - >>init CrawlerMonitor begin
2018-04-02 16:36:46 - DEBUG - >>init CrawlerMonitor complete
2018-04-02 16:36:46 - DEBUG - >>crawler monitor start
2018-04-02 16:36:47 - ERROR - invalid charset, no charset matched
2018-04-02 16:36:47 - DEBUG - Lianjia0 https://sh.lianjia.com/ershoufang/rs%E4%B8%8A%E6%B5%B7%E5%BA%B7%E5%9F%8E/ get web done
2018-04-02 16:36:47 - INFO - Lianjia0 https://sh.lianjia.com/ershoufang/rs%E4%B8%8A%E6%B5%B7%E5%BA%B7%E5%9F%8E/ process done
2018-04-02 16:36:56 - DEBUG - all crawlers are not busy, close all
2018-04-02 16:36:56 - DEBUG - Lianjia0 close
2018-04-02 16:36:58 - DEBUG - Lianjia1 close
2018-04-02 16:36:58 - DEBUG - Lianjia2 close
2018-04-02 16:38:23 - DEBUG - LoggerManager init done
2018-04-02 16:38:23 - DEBUG - DataStorageManager init begin
2018-04-02 16:38:23 - DEBUG - ..FileStorage init begin
2018-04-02 16:38:23 - DEBUG - ..FileStorage init done
2018-04-02 16:38:23 - DEBUG - DataStorageManager init done
2018-04-02 16:38:23 - DEBUG - ProxyHubManager init begin
2018-04-02 16:38:23 - DEBUG - no proxy config
2018-04-02 16:38:23 - DEBUG - ProxyHubManager init done
2018-04-02 16:38:23 - DEBUG - DownloaderManager init begin
2018-04-02 16:38:23 - DEBUG - DownloaderManager init done
2018-04-02 16:38:23 - DEBUG - CrawlerManager init done
2018-04-02 16:38:23 - DEBUG - 
=========================
Crawler Start
crawler number: 3
task number: 1
=========================
2018-04-02 16:38:23 - DEBUG - Lianjia0 start
2018-04-02 16:38:23 - DEBUG - Lianjia1 start
2018-04-02 16:38:23 - DEBUG - Lianjia0 https://sh.lianjia.com/ershoufang/rs%E4%B8%8A%E6%B5%B7%E5%BA%B7%E5%9F%8E/ start
2018-04-02 16:38:23 - DEBUG - Lianjia2 start
2018-04-02 16:38:23 - DEBUG - >>init CrawlerMonitor begin
2018-04-02 16:38:23 - DEBUG - >>init CrawlerMonitor complete
2018-04-02 16:38:23 - DEBUG - >>crawler monitor start
2018-04-02 16:38:24 - ERROR - invalid charset, no charset matched
2018-04-02 16:38:24 - DEBUG - Lianjia0 https://sh.lianjia.com/ershoufang/rs%E4%B8%8A%E6%B5%B7%E5%BA%B7%E5%9F%8E/ get web done
2018-04-02 16:38:40 - INFO - Lianjia0 https://sh.lianjia.com/ershoufang/rs%E4%B8%8A%E6%B5%B7%E5%BA%B7%E5%9F%8E/ process done
2018-04-02 16:38:43 - DEBUG - all crawlers are not busy, close all
2018-04-02 16:38:43 - DEBUG - Lianjia0 close
2018-04-02 16:38:44 - DEBUG - Lianjia1 close
2018-04-02 16:38:44 - DEBUG - Lianjia2 close
2018-04-02 16:38:51 - DEBUG - LoggerManager init done
2018-04-02 16:38:51 - DEBUG - DataStorageManager init begin
2018-04-02 16:38:51 - DEBUG - ..FileStorage init begin
2018-04-02 16:38:51 - DEBUG - ..FileStorage init done
2018-04-02 16:38:51 - DEBUG - DataStorageManager init done
2018-04-02 16:38:51 - DEBUG - ProxyHubManager init begin
2018-04-02 16:38:51 - DEBUG - no proxy config
2018-04-02 16:38:51 - DEBUG - ProxyHubManager init done
2018-04-02 16:38:51 - DEBUG - DownloaderManager init begin
2018-04-02 16:38:51 - DEBUG - DownloaderManager init done
2018-04-02 16:38:51 - DEBUG - CrawlerManager init done
2018-04-02 16:38:51 - DEBUG - 
=========================
Crawler Start
crawler number: 3
task number: 1
=========================
2018-04-02 16:38:51 - DEBUG - Lianjia0 start
2018-04-02 16:38:51 - DEBUG - Lianjia1 start
2018-04-02 16:38:51 - DEBUG - Lianjia0 https://sh.lianjia.com/ershoufang/rs%E4%B8%8A%E6%B5%B7%E5%BA%B7%E5%9F%8E/ start
2018-04-02 16:38:51 - DEBUG - Lianjia2 start
2018-04-02 16:38:51 - DEBUG - >>init CrawlerMonitor begin
2018-04-02 16:38:51 - DEBUG - >>init CrawlerMonitor complete
2018-04-02 16:38:51 - DEBUG - >>crawler monitor start
2018-04-02 16:38:52 - ERROR - invalid charset, no charset matched
2018-04-02 16:38:52 - DEBUG - Lianjia0 https://sh.lianjia.com/ershoufang/rs%E4%B8%8A%E6%B5%B7%E5%BA%B7%E5%9F%8E/ get web done
2018-04-02 16:39:48 - DEBUG - LoggerManager init done
2018-04-02 16:39:48 - DEBUG - DataStorageManager init begin
2018-04-02 16:39:48 - DEBUG - ..FileStorage init begin
2018-04-02 16:39:48 - DEBUG - ..FileStorage init done
2018-04-02 16:39:48 - DEBUG - DataStorageManager init done
2018-04-02 16:39:48 - DEBUG - ProxyHubManager init begin
2018-04-02 16:39:48 - DEBUG - no proxy config
2018-04-02 16:39:48 - DEBUG - ProxyHubManager init done
2018-04-02 16:39:48 - DEBUG - DownloaderManager init begin
2018-04-02 16:39:48 - DEBUG - DownloaderManager init done
2018-04-02 16:39:48 - DEBUG - CrawlerManager init done
2018-04-02 16:39:48 - DEBUG - 
=========================
Crawler Start
crawler number: 3
task number: 1
=========================
2018-04-02 16:39:48 - DEBUG - Lianjia0 start
2018-04-02 16:39:48 - DEBUG - Lianjia0 https://sh.lianjia.com/ershoufang/rs%E4%B8%8A%E6%B5%B7%E5%BA%B7%E5%9F%8E/ start
2018-04-02 16:39:48 - DEBUG - Lianjia1 start
2018-04-02 16:39:48 - DEBUG - Lianjia2 start
2018-04-02 16:39:48 - DEBUG - >>init CrawlerMonitor begin
2018-04-02 16:39:48 - DEBUG - >>init CrawlerMonitor complete
2018-04-02 16:39:48 - DEBUG - >>crawler monitor start
2018-04-02 16:39:49 - ERROR - invalid charset, no charset matched
2018-04-02 16:39:49 - DEBUG - Lianjia0 https://sh.lianjia.com/ershoufang/rs%E4%B8%8A%E6%B5%B7%E5%BA%B7%E5%9F%8E/ get web done
2018-04-02 16:41:20 - DEBUG - LoggerManager init done
2018-04-02 16:41:20 - DEBUG - DataStorageManager init begin
2018-04-02 16:41:20 - DEBUG - ..FileStorage init begin
2018-04-02 16:41:20 - DEBUG - ..FileStorage init done
2018-04-02 16:41:20 - DEBUG - DataStorageManager init done
2018-04-02 16:41:20 - DEBUG - ProxyHubManager init begin
2018-04-02 16:41:20 - DEBUG - no proxy config
2018-04-02 16:41:20 - DEBUG - ProxyHubManager init done
2018-04-02 16:41:20 - DEBUG - DownloaderManager init begin
2018-04-02 16:41:20 - DEBUG - DownloaderManager init done
2018-04-02 16:41:20 - DEBUG - CrawlerManager init done
2018-04-02 16:41:20 - DEBUG - 
=========================
Crawler Start
crawler number: 3
task number: 1
=========================
2018-04-02 16:41:20 - DEBUG - Lianjia0 start
2018-04-02 16:41:20 - DEBUG - Lianjia0 https://sh.lianjia.com/ershoufang/rs%E4%B8%8A%E6%B5%B7%E5%BA%B7%E5%9F%8E/ start
2018-04-02 16:41:20 - DEBUG - Lianjia1 start
2018-04-02 16:41:20 - DEBUG - Lianjia2 start
2018-04-02 16:41:20 - DEBUG - >>init CrawlerMonitor begin
2018-04-02 16:41:20 - DEBUG - >>init CrawlerMonitor complete
2018-04-02 16:41:20 - DEBUG - >>crawler monitor start
2018-04-02 16:41:21 - ERROR - invalid charset, no charset matched
2018-04-02 16:41:21 - DEBUG - Lianjia0 https://sh.lianjia.com/ershoufang/rs%E4%B8%8A%E6%B5%B7%E5%BA%B7%E5%9F%8E/ get web done
2018-04-02 16:41:54 - DEBUG - LoggerManager init done
2018-04-02 16:41:54 - DEBUG - DataStorageManager init begin
2018-04-02 16:41:54 - DEBUG - ..FileStorage init begin
2018-04-02 16:41:54 - DEBUG - ..FileStorage init done
2018-04-02 16:41:54 - DEBUG - DataStorageManager init done
2018-04-02 16:41:54 - DEBUG - ProxyHubManager init begin
2018-04-02 16:41:54 - DEBUG - no proxy config
2018-04-02 16:41:54 - DEBUG - ProxyHubManager init done
2018-04-02 16:41:54 - DEBUG - DownloaderManager init begin
2018-04-02 16:41:54 - DEBUG - DownloaderManager init done
2018-04-02 16:41:54 - DEBUG - CrawlerManager init done
2018-04-02 16:41:54 - DEBUG - 
=========================
Crawler Start
crawler number: 3
task number: 1
=========================
2018-04-02 16:41:54 - DEBUG - Lianjia0 start
2018-04-02 16:41:54 - DEBUG - Lianjia0 https://sh.lianjia.com/ershoufang/rs%E4%B8%8A%E6%B5%B7%E5%BA%B7%E5%9F%8E/ start
2018-04-02 16:41:54 - DEBUG - Lianjia1 start
2018-04-02 16:41:54 - DEBUG - Lianjia2 start
2018-04-02 16:41:54 - DEBUG - >>init CrawlerMonitor begin
2018-04-02 16:41:54 - DEBUG - >>init CrawlerMonitor complete
2018-04-02 16:41:54 - DEBUG - >>crawler monitor start
2018-04-02 16:41:56 - ERROR - invalid charset, no charset matched
2018-04-02 16:41:56 - DEBUG - Lianjia0 https://sh.lianjia.com/ershoufang/rs%E4%B8%8A%E6%B5%B7%E5%BA%B7%E5%9F%8E/ get web done
2018-04-02 16:42:17 - DEBUG - LoggerManager init done
2018-04-02 16:42:17 - DEBUG - DataStorageManager init begin
2018-04-02 16:42:17 - DEBUG - ..FileStorage init begin
2018-04-02 16:42:17 - DEBUG - ..FileStorage init done
2018-04-02 16:42:17 - DEBUG - DataStorageManager init done
2018-04-02 16:42:17 - DEBUG - ProxyHubManager init begin
2018-04-02 16:42:17 - DEBUG - no proxy config
2018-04-02 16:42:17 - DEBUG - ProxyHubManager init done
2018-04-02 16:42:17 - DEBUG - DownloaderManager init begin
2018-04-02 16:42:17 - DEBUG - DownloaderManager init done
2018-04-02 16:42:17 - DEBUG - CrawlerManager init done
2018-04-02 16:42:17 - DEBUG - 
=========================
Crawler Start
crawler number: 3
task number: 1
=========================
2018-04-02 16:42:17 - DEBUG - Lianjia0 start
2018-04-02 16:42:17 - DEBUG - Lianjia0 https://sh.lianjia.com/ershoufang/rs%E4%B8%8A%E6%B5%B7%E5%BA%B7%E5%9F%8E/ start
2018-04-02 16:42:17 - DEBUG - Lianjia1 start
2018-04-02 16:42:17 - DEBUG - Lianjia2 start
2018-04-02 16:42:17 - DEBUG - >>init CrawlerMonitor begin
2018-04-02 16:42:17 - DEBUG - >>init CrawlerMonitor complete
2018-04-02 16:42:17 - DEBUG - >>crawler monitor start
2018-04-02 16:42:18 - ERROR - invalid charset, no charset matched
2018-04-02 16:42:18 - DEBUG - Lianjia0 https://sh.lianjia.com/ershoufang/rs%E4%B8%8A%E6%B5%B7%E5%BA%B7%E5%9F%8E/ get web done
2018-04-02 16:42:52 - DEBUG - LoggerManager init done
2018-04-02 16:42:52 - DEBUG - DataStorageManager init begin
2018-04-02 16:42:52 - DEBUG - ..FileStorage init begin
2018-04-02 16:42:52 - DEBUG - ..FileStorage init done
2018-04-02 16:42:52 - DEBUG - DataStorageManager init done
2018-04-02 16:42:52 - DEBUG - ProxyHubManager init begin
2018-04-02 16:42:52 - DEBUG - no proxy config
2018-04-02 16:42:52 - DEBUG - ProxyHubManager init done
2018-04-02 16:42:52 - DEBUG - DownloaderManager init begin
2018-04-02 16:42:52 - DEBUG - DownloaderManager init done
2018-04-02 16:42:52 - DEBUG - CrawlerManager init done
2018-04-02 16:42:52 - DEBUG - 
=========================
Crawler Start
crawler number: 3
task number: 1
=========================
2018-04-02 16:42:52 - DEBUG - Lianjia0 start
2018-04-02 16:42:52 - DEBUG - Lianjia0 https://sh.lianjia.com/ershoufang/rs%E4%B8%8A%E6%B5%B7%E5%BA%B7%E5%9F%8E/ start
2018-04-02 16:42:52 - DEBUG - Lianjia1 start
2018-04-02 16:42:52 - DEBUG - Lianjia2 start
2018-04-02 16:42:52 - DEBUG - >>init CrawlerMonitor begin
2018-04-02 16:42:52 - DEBUG - >>init CrawlerMonitor complete
2018-04-02 16:42:52 - DEBUG - >>crawler monitor start
2018-04-02 16:42:54 - ERROR - invalid charset, no charset matched
2018-04-02 16:42:54 - DEBUG - Lianjia0 https://sh.lianjia.com/ershoufang/rs%E4%B8%8A%E6%B5%B7%E5%BA%B7%E5%9F%8E/ get web done
2018-04-02 16:42:57 - INFO - Lianjia0 https://sh.lianjia.com/ershoufang/rs%E4%B8%8A%E6%B5%B7%E5%BA%B7%E5%9F%8E/ process done
2018-04-02 16:42:57 - DEBUG - Lianjia0 https:https://sh.lianjia.com/ershoufang/pg1rs%E4%B8%8A%E6%B5%B7%E5%BA%B7%E5%9F%8E/ start
2018-04-02 16:42:57 - WARNING - Lianjia0 https:https://sh.lianjia.com/ershoufang/pg1rs%E4%B8%8A%E6%B5%B7%E5%BA%B7%E5%9F%8E/ no rule matched
2018-04-02 16:43:02 - DEBUG - all crawlers are not busy, close all
2018-04-02 16:43:03 - DEBUG - Lianjia0 close
2018-04-02 16:43:04 - DEBUG - Lianjia1 close
2018-04-02 16:43:04 - DEBUG - Lianjia2 close
2018-04-02 16:43:13 - DEBUG - LoggerManager init done
2018-04-02 16:43:13 - DEBUG - DataStorageManager init begin
2018-04-02 16:43:13 - DEBUG - ..FileStorage init begin
2018-04-02 16:43:13 - DEBUG - ..FileStorage init done
2018-04-02 16:43:13 - DEBUG - DataStorageManager init done
2018-04-02 16:43:13 - DEBUG - ProxyHubManager init begin
2018-04-02 16:43:13 - DEBUG - no proxy config
2018-04-02 16:43:13 - DEBUG - ProxyHubManager init done
2018-04-02 16:43:13 - DEBUG - DownloaderManager init begin
2018-04-02 16:43:13 - DEBUG - DownloaderManager init done
2018-04-02 16:43:13 - DEBUG - CrawlerManager init done
2018-04-02 16:43:13 - DEBUG - 
=========================
Crawler Start
crawler number: 3
task number: 1
=========================
2018-04-02 16:43:13 - DEBUG - Lianjia0 start
2018-04-02 16:43:13 - DEBUG - Lianjia0 https://sh.lianjia.com/ershoufang/rs%E4%B8%8A%E6%B5%B7%E5%BA%B7%E5%9F%8E/ start
2018-04-02 16:43:13 - DEBUG - Lianjia1 start
2018-04-02 16:43:13 - DEBUG - Lianjia2 start
2018-04-02 16:43:13 - DEBUG - >>init CrawlerMonitor begin
2018-04-02 16:43:13 - DEBUG - >>init CrawlerMonitor complete
2018-04-02 16:43:13 - DEBUG - >>crawler monitor start
2018-04-02 16:43:14 - ERROR - invalid charset, no charset matched
2018-04-02 16:43:14 - DEBUG - Lianjia0 https://sh.lianjia.com/ershoufang/rs%E4%B8%8A%E6%B5%B7%E5%BA%B7%E5%9F%8E/ get web done
2018-04-02 16:43:17 - INFO - Lianjia0 https://sh.lianjia.com/ershoufang/rs%E4%B8%8A%E6%B5%B7%E5%BA%B7%E5%9F%8E/ process done
2018-04-02 16:43:17 - DEBUG - Lianjia0 https:https://sh.lianjia.com/ershoufang/pg1rs%E4%B8%8A%E6%B5%B7%E5%BA%B7%E5%9F%8E/ start
2018-04-02 16:43:17 - WARNING - Lianjia0 https:https://sh.lianjia.com/ershoufang/pg1rs%E4%B8%8A%E6%B5%B7%E5%BA%B7%E5%9F%8E/ no rule matched
2018-04-02 16:43:23 - DEBUG - all crawlers are not busy, close all
2018-04-02 16:43:23 - DEBUG - Lianjia0 close
2018-04-02 16:43:25 - DEBUG - Lianjia1 close
2018-04-02 16:43:25 - DEBUG - Lianjia2 close
2018-04-02 16:52:39 - DEBUG - LoggerManager init done
2018-04-02 16:52:39 - DEBUG - DataStorageManager init begin
2018-04-02 16:52:39 - DEBUG - ..FileStorage init begin
2018-04-02 16:52:39 - DEBUG - ..FileStorage init done
2018-04-02 16:52:39 - DEBUG - DataStorageManager init done
2018-04-02 16:52:39 - DEBUG - ProxyHubManager init begin
2018-04-02 16:52:39 - DEBUG - no proxy config
2018-04-02 16:52:39 - DEBUG - ProxyHubManager init done
2018-04-02 16:52:39 - DEBUG - DownloaderManager init begin
2018-04-02 16:52:39 - DEBUG - DownloaderManager init done
2018-04-02 16:52:39 - DEBUG - CrawlerManager init done
2018-04-02 16:52:39 - DEBUG - 
=========================
Crawler Start
crawler number: 3
task number: 1
=========================
2018-04-02 16:52:39 - DEBUG - Lianjia0 start
2018-04-02 16:52:39 - DEBUG - Lianjia1 start
2018-04-02 16:52:39 - DEBUG - Lianjia0 https://sh.lianjia.com/ershoufang/rs%E4%B8%8A%E6%B5%B7%E5%BA%B7%E5%9F%8E/ start
2018-04-02 16:52:39 - DEBUG - Lianjia2 start
2018-04-02 16:52:39 - DEBUG - >>init CrawlerMonitor begin
2018-04-02 16:52:39 - DEBUG - >>init CrawlerMonitor complete
2018-04-02 16:52:39 - DEBUG - >>crawler monitor start
2018-04-02 16:52:41 - ERROR - invalid charset, no charset matched
2018-04-02 16:52:41 - DEBUG - Lianjia0 https://sh.lianjia.com/ershoufang/rs%E4%B8%8A%E6%B5%B7%E5%BA%B7%E5%9F%8E/ get web done
2018-04-02 16:52:43 - INFO - Lianjia0 https://sh.lianjia.com/ershoufang/rs%E4%B8%8A%E6%B5%B7%E5%BA%B7%E5%9F%8E/ process done
2018-04-02 16:52:43 - DEBUG - Lianjia0 https:https://sh.lianjia.com/ershoufang/pg1rs%E4%B8%8A%E6%B5%B7%E5%BA%B7%E5%9F%8E/ start
2018-04-02 16:52:43 - WARNING - Lianjia0 https:https://sh.lianjia.com/ershoufang/pg1rs%E4%B8%8A%E6%B5%B7%E5%BA%B7%E5%9F%8E/ no rule matched
2018-04-02 16:52:49 - DEBUG - all crawlers are not busy, close all
2018-04-02 16:52:51 - DEBUG - Lianjia1 close
2018-04-02 16:52:51 - DEBUG - Lianjia2 close
2018-04-02 16:52:52 - DEBUG - Lianjia0 close
2018-04-02 16:55:08 - DEBUG - LoggerManager init done
2018-04-02 16:55:08 - DEBUG - DataStorageManager init begin
2018-04-02 16:55:08 - DEBUG - ..FileStorage init begin
2018-04-02 16:55:08 - DEBUG - ..FileStorage init done
2018-04-02 16:55:08 - DEBUG - DataStorageManager init done
2018-04-02 16:55:08 - DEBUG - ProxyHubManager init begin
2018-04-02 16:55:08 - DEBUG - no proxy config
2018-04-02 16:55:08 - DEBUG - ProxyHubManager init done
2018-04-02 16:55:08 - DEBUG - DownloaderManager init begin
2018-04-02 16:55:08 - DEBUG - DownloaderManager init done
2018-04-02 16:55:08 - DEBUG - CrawlerManager init done
2018-04-02 16:55:08 - DEBUG - 
=========================
Crawler Start
crawler number: 3
task number: 1
=========================
2018-04-02 16:55:08 - DEBUG - Lianjia0 start
2018-04-02 16:55:08 - DEBUG - Lianjia0 https://sh.lianjia.com/ershoufang/rs%E4%B8%8A%E6%B5%B7%E5%BA%B7%E5%9F%8E/ start
2018-04-02 16:55:08 - DEBUG - Lianjia1 start
2018-04-02 16:55:08 - DEBUG - Lianjia2 start
2018-04-02 16:55:08 - DEBUG - >>init CrawlerMonitor begin
2018-04-02 16:55:08 - DEBUG - >>init CrawlerMonitor complete
2018-04-02 16:55:08 - DEBUG - >>crawler monitor start
2018-04-02 16:55:09 - ERROR - invalid charset, no charset matched
2018-04-02 16:55:09 - DEBUG - Lianjia0 https://sh.lianjia.com/ershoufang/rs%E4%B8%8A%E6%B5%B7%E5%BA%B7%E5%9F%8E/ get web done
2018-04-02 16:55:12 - INFO - Lianjia0 https://sh.lianjia.com/ershoufang/rs%E4%B8%8A%E6%B5%B7%E5%BA%B7%E5%9F%8E/ process done
2018-04-02 16:55:12 - DEBUG - Lianjia0 https:https://sh.lianjia.com/ershoufang/pg1rs%E4%B8%8A%E6%B5%B7%E5%BA%B7%E5%9F%8E/ start
2018-04-02 16:55:12 - WARNING - Lianjia0 https:https://sh.lianjia.com/ershoufang/pg1rs%E4%B8%8A%E6%B5%B7%E5%BA%B7%E5%9F%8E/ no rule matched
2018-04-02 16:55:18 - DEBUG - all crawlers are not busy, close all
2018-04-02 16:55:18 - DEBUG - Lianjia0 close
2018-04-02 16:55:20 - DEBUG - Lianjia2 close
2018-04-02 16:55:20 - DEBUG - Lianjia1 close
2018-04-02 16:56:12 - DEBUG - LoggerManager init done
2018-04-02 16:56:12 - DEBUG - DataStorageManager init begin
2018-04-02 16:56:12 - DEBUG - ..FileStorage init begin
2018-04-02 16:56:12 - DEBUG - ..FileStorage init done
2018-04-02 16:56:12 - DEBUG - DataStorageManager init done
2018-04-02 16:56:12 - DEBUG - ProxyHubManager init begin
2018-04-02 16:56:12 - DEBUG - no proxy config
2018-04-02 16:56:12 - DEBUG - ProxyHubManager init done
2018-04-02 16:56:12 - DEBUG - DownloaderManager init begin
2018-04-02 16:56:12 - DEBUG - DownloaderManager init done
2018-04-02 16:56:12 - DEBUG - CrawlerManager init done
2018-04-02 16:56:12 - DEBUG - 
=========================
Crawler Start
crawler number: 3
task number: 1
=========================
2018-04-02 16:56:12 - DEBUG - Lianjia0 start
2018-04-02 16:56:12 - DEBUG - Lianjia0 https://sh.lianjia.com/ershoufang/rs%E4%B8%8A%E6%B5%B7%E5%BA%B7%E5%9F%8E/ start
2018-04-02 16:56:12 - DEBUG - Lianjia1 start
2018-04-02 16:56:12 - DEBUG - Lianjia2 start
2018-04-02 16:56:12 - DEBUG - >>init CrawlerMonitor begin
2018-04-02 16:56:12 - DEBUG - >>init CrawlerMonitor complete
2018-04-02 16:56:12 - DEBUG - >>crawler monitor start
2018-04-02 16:56:13 - ERROR - invalid charset, no charset matched
2018-04-02 16:56:13 - DEBUG - Lianjia0 https://sh.lianjia.com/ershoufang/rs%E4%B8%8A%E6%B5%B7%E5%BA%B7%E5%9F%8E/ get web done
2018-04-02 16:56:16 - INFO - Lianjia0 https://sh.lianjia.com/ershoufang/rs%E4%B8%8A%E6%B5%B7%E5%BA%B7%E5%9F%8E/ process done
2018-04-02 16:56:16 - DEBUG - Lianjia0 https://sh.lianjia.com/ershoufang/pg1rs%E4%B8%8A%E6%B5%B7%E5%BA%B7%E5%9F%8E/ start
2018-04-02 16:56:17 - ERROR - invalid charset, no charset matched
2018-04-02 16:56:17 - DEBUG - Lianjia0 https://sh.lianjia.com/ershoufang/pg1rs%E4%B8%8A%E6%B5%B7%E5%BA%B7%E5%9F%8E/ get web done
2018-04-02 16:56:19 - INFO - Lianjia0 https://sh.lianjia.com/ershoufang/pg1rs%E4%B8%8A%E6%B5%B7%E5%BA%B7%E5%9F%8E/ process done
2018-04-02 16:56:19 - DEBUG - Lianjia0 https://sh.lianjia.com/ershoufang/pg2rs%E4%B8%8A%E6%B5%B7%E5%BA%B7%E5%9F%8E/ start
2018-04-02 16:56:21 - ERROR - invalid charset, no charset matched
2018-04-02 16:56:21 - DEBUG - Lianjia0 https://sh.lianjia.com/ershoufang/pg2rs%E4%B8%8A%E6%B5%B7%E5%BA%B7%E5%9F%8E/ get web done
2018-04-02 16:56:24 - INFO - Lianjia0 https://sh.lianjia.com/ershoufang/pg2rs%E4%B8%8A%E6%B5%B7%E5%BA%B7%E5%9F%8E/ process done
2018-04-02 16:56:24 - DEBUG - Lianjia0 https://sh.lianjia.com/ershoufang/pg3rs%E4%B8%8A%E6%B5%B7%E5%BA%B7%E5%9F%8E/ start
2018-04-02 16:56:25 - ERROR - invalid charset, no charset matched
2018-04-02 16:56:25 - DEBUG - Lianjia0 https://sh.lianjia.com/ershoufang/pg3rs%E4%B8%8A%E6%B5%B7%E5%BA%B7%E5%9F%8E/ get web done
2018-04-02 16:56:27 - INFO - Lianjia0 https://sh.lianjia.com/ershoufang/pg3rs%E4%B8%8A%E6%B5%B7%E5%BA%B7%E5%9F%8E/ process done
2018-04-02 16:56:27 - DEBUG - Lianjia0 https://sh.lianjia.com/ershoufang/pg4rs%E4%B8%8A%E6%B5%B7%E5%BA%B7%E5%9F%8E/ start
2018-04-02 16:56:28 - ERROR - invalid charset, no charset matched
2018-04-02 16:56:28 - DEBUG - Lianjia0 https://sh.lianjia.com/ershoufang/pg4rs%E4%B8%8A%E6%B5%B7%E5%BA%B7%E5%9F%8E/ get web done
2018-04-02 16:56:32 - INFO - Lianjia0 https://sh.lianjia.com/ershoufang/pg4rs%E4%B8%8A%E6%B5%B7%E5%BA%B7%E5%9F%8E/ process done
2018-04-02 16:56:32 - DEBUG - Lianjia0 https://sh.lianjia.com/ershoufang/pg5rs%E4%B8%8A%E6%B5%B7%E5%BA%B7%E5%9F%8E/ start
2018-04-02 16:56:33 - ERROR - invalid charset, no charset matched
2018-04-02 16:56:33 - DEBUG - Lianjia0 https://sh.lianjia.com/ershoufang/pg5rs%E4%B8%8A%E6%B5%B7%E5%BA%B7%E5%9F%8E/ get web done
2018-04-02 16:56:37 - INFO - Lianjia0 https://sh.lianjia.com/ershoufang/pg5rs%E4%B8%8A%E6%B5%B7%E5%BA%B7%E5%9F%8E/ process done
2018-04-02 16:56:37 - DEBUG - Lianjia0 https://sh.lianjia.com/ershoufang/pg6rs%E4%B8%8A%E6%B5%B7%E5%BA%B7%E5%9F%8E/ start
2018-04-02 16:56:38 - ERROR - invalid charset, no charset matched
2018-04-02 16:56:38 - DEBUG - Lianjia0 https://sh.lianjia.com/ershoufang/pg6rs%E4%B8%8A%E6%B5%B7%E5%BA%B7%E5%9F%8E/ get web done
2018-04-02 16:56:38 - INFO - Lianjia0 https://sh.lianjia.com/ershoufang/pg6rs%E4%B8%8A%E6%B5%B7%E5%BA%B7%E5%9F%8E/ process done
2018-04-02 16:56:42 - DEBUG - all crawlers are not busy, close all
2018-04-02 16:56:44 - DEBUG - Lianjia0 close
2018-04-02 16:56:45 - DEBUG - Lianjia2 close
2018-04-02 16:56:45 - DEBUG - Lianjia1 close
