2018-04-02 15:24:26 - DEBUG - LoggerManager init done
2018-04-02 15:24:26 - DEBUG - DataStorageManager init begin
2018-04-02 15:24:26 - DEBUG - ..FileStorage init begin
2018-04-02 15:24:26 - DEBUG - ..FileStorage init done
2018-04-02 15:24:26 - DEBUG - DataStorageManager init done
2018-04-02 15:24:26 - DEBUG - ProxyHubManager init begin
2018-04-02 15:24:26 - DEBUG - no proxy config
2018-04-02 15:24:26 - DEBUG - ProxyHubManager init done
2018-04-02 15:24:26 - DEBUG - DownloaderManager init begin
2018-04-02 15:24:26 - DEBUG - DownloaderManager init done
2018-04-02 15:24:26 - DEBUG - CrawlerManager init done
2018-04-02 15:24:26 - DEBUG - 
=========================
Crawler Start
crawler number: 3
task number: 1
=========================
2018-04-02 15:24:26 - DEBUG - 51CreditCardCitic0 start
2018-04-02 15:24:26 - DEBUG - 51CreditCardCitic1 start
2018-04-02 15:24:26 - DEBUG - 51CreditCardCitic0 https://kaku.51credit.com/citic/ start
2018-04-02 15:24:26 - DEBUG - 51CreditCardCitic2 start
2018-04-02 15:24:26 - DEBUG - >>init CrawlerMonitor begin
2018-04-02 15:24:26 - DEBUG - >>init CrawlerMonitor complete
2018-04-02 15:24:26 - DEBUG - >>crawler monitor start
2018-04-02 15:24:26 - DEBUG - charset: utf-8
2018-04-02 15:24:26 - DEBUG - 51CreditCardCitic0 https://kaku.51credit.com/citic/ get web done
2018-04-02 15:24:30 - INFO - 51CreditCardCitic0 https://kaku.51credit.com/citic/ process done
2018-04-02 15:24:30 - DEBUG - 51CreditCardCitic0 https://kaku.51credit.com/citic/index_2.shtml start
2018-04-02 15:24:31 - DEBUG - charset: utf-8
2018-04-02 15:24:31 - DEBUG - 51CreditCardCitic0 https://kaku.51credit.com/citic/index_2.shtml get web done
2018-04-02 15:24:35 - INFO - 51CreditCardCitic0 https://kaku.51credit.com/citic/index_2.shtml process done
2018-04-02 15:24:35 - DEBUG - 51CreditCardCitic0 https://kaku.51credit.com/citic/index_3.shtml start
2018-04-02 15:24:35 - DEBUG - charset: utf-8
2018-04-02 15:24:35 - DEBUG - 51CreditCardCitic0 https://kaku.51credit.com/citic/index_3.shtml get web done
2018-04-02 15:24:37 - INFO - 51CreditCardCitic0 https://kaku.51credit.com/citic/index_3.shtml process done
2018-04-02 15:24:37 - DEBUG - 51CreditCardCitic0 https://kaku.51credit.com/citic/index_4.shtml start
2018-04-02 15:24:38 - DEBUG - charset: utf-8
2018-04-02 15:24:38 - DEBUG - 51CreditCardCitic0 https://kaku.51credit.com/citic/index_4.shtml get web done
2018-04-02 15:24:40 - INFO - 51CreditCardCitic0 https://kaku.51credit.com/citic/index_4.shtml process done
2018-04-02 15:24:40 - DEBUG - 51CreditCardCitic0 https://kaku.51credit.com/citic/index_5.shtml start
2018-04-02 15:24:40 - DEBUG - charset: utf-8
2018-04-02 15:24:40 - DEBUG - 51CreditCardCitic0 https://kaku.51credit.com/citic/index_5.shtml get web done
2018-04-02 15:24:42 - INFO - 51CreditCardCitic0 https://kaku.51credit.com/citic/index_5.shtml process done
2018-04-02 15:24:42 - DEBUG - 51CreditCardCitic0 https://kaku.51credit.com/citic/index_6.shtml start
2018-04-02 15:24:43 - DEBUG - charset: utf-8
2018-04-02 15:24:43 - DEBUG - 51CreditCardCitic0 https://kaku.51credit.com/citic/index_6.shtml get web done
2018-04-02 15:24:45 - INFO - 51CreditCardCitic0 https://kaku.51credit.com/citic/index_6.shtml process done
2018-04-02 15:24:45 - DEBUG - 51CreditCardCitic0 https://kaku.51credit.com/citic/index_7.shtml start
2018-04-02 15:24:45 - DEBUG - charset: utf-8
2018-04-02 15:24:45 - DEBUG - 51CreditCardCitic0 https://kaku.51credit.com/citic/index_7.shtml get web done
2018-04-02 15:24:47 - INFO - 51CreditCardCitic0 https://kaku.51credit.com/citic/index_7.shtml process done
2018-04-02 15:24:47 - DEBUG - 51CreditCardCitic0 https://kaku.51credit.com/citic/index_8.shtml start
2018-04-02 15:24:48 - DEBUG - charset: utf-8
2018-04-02 15:24:48 - DEBUG - 51CreditCardCitic0 https://kaku.51credit.com/citic/index_8.shtml get web done
2018-04-02 15:24:52 - INFO - 51CreditCardCitic0 https://kaku.51credit.com/citic/index_8.shtml process done
2018-04-02 15:24:52 - DEBUG - 51CreditCardCitic0 https://kaku.51credit.com/citic/index_9.shtml start
2018-04-02 15:24:52 - DEBUG - charset: utf-8
2018-04-02 15:24:52 - DEBUG - 51CreditCardCitic0 https://kaku.51credit.com/citic/index_9.shtml get web done
2018-04-02 15:24:54 - INFO - 51CreditCardCitic0 https://kaku.51credit.com/citic/index_9.shtml process done
2018-04-02 15:24:54 - DEBUG - 51CreditCardCitic0 https://kaku.51credit.com/citic/index_10.shtml start
2018-04-02 15:24:55 - DEBUG - charset: utf-8
2018-04-02 15:24:55 - DEBUG - 51CreditCardCitic0 https://kaku.51credit.com/citic/index_10.shtml get web done
2018-04-02 15:24:57 - INFO - 51CreditCardCitic0 https://kaku.51credit.com/citic/index_10.shtml process done
2018-04-02 15:24:57 - DEBUG - 51CreditCardCitic0 https://kaku.51credit.com/citic/index_11.shtml start
2018-04-02 15:24:57 - DEBUG - charset: utf-8
2018-04-02 15:24:57 - DEBUG - 51CreditCardCitic0 https://kaku.51credit.com/citic/index_11.shtml get web done
2018-04-02 15:25:00 - INFO - 51CreditCardCitic0 https://kaku.51credit.com/citic/index_11.shtml process done
2018-04-02 15:25:00 - DEBUG - 51CreditCardCitic0 https://kaku.51credit.com/citic/index_12.shtml start
2018-04-02 15:25:01 - DEBUG - charset: utf-8
2018-04-02 15:25:01 - DEBUG - 51CreditCardCitic0 https://kaku.51credit.com/citic/index_12.shtml get web done
2018-04-02 15:25:03 - INFO - 51CreditCardCitic0 https://kaku.51credit.com/citic/index_12.shtml process done
2018-04-02 15:25:03 - DEBUG - 51CreditCardCitic0 https://kaku.51credit.com/citic/index_13.shtml start
2018-04-02 15:25:03 - DEBUG - charset: utf-8
2018-04-02 15:25:03 - DEBUG - 51CreditCardCitic0 https://kaku.51credit.com/citic/index_13.shtml get web done
2018-04-02 15:25:07 - INFO - 51CreditCardCitic0 https://kaku.51credit.com/citic/index_13.shtml process done
2018-04-02 15:25:07 - DEBUG - 51CreditCardCitic0 https://kaku.51credit.com/citic/index_14.shtml start
2018-04-02 15:25:08 - DEBUG - charset: utf-8
2018-04-02 15:25:08 - DEBUG - 51CreditCardCitic0 https://kaku.51credit.com/citic/index_14.shtml get web done
2018-04-02 15:25:11 - INFO - 51CreditCardCitic0 https://kaku.51credit.com/citic/index_14.shtml process done
2018-04-02 15:25:11 - DEBUG - 51CreditCardCitic0 https://kaku.51credit.com/citic/index_15.shtml start
2018-04-02 15:25:11 - DEBUG - charset: utf-8
2018-04-02 15:25:11 - DEBUG - 51CreditCardCitic0 https://kaku.51credit.com/citic/index_15.shtml get web done
2018-04-02 15:25:14 - INFO - 51CreditCardCitic0 https://kaku.51credit.com/citic/index_15.shtml process done
2018-04-02 15:25:14 - DEBUG - 51CreditCardCitic0 https://kaku.51credit.com/citic/index_16.shtml start
2018-04-02 15:25:15 - DEBUG - charset: utf-8
2018-04-02 15:25:15 - DEBUG - 51CreditCardCitic0 https://kaku.51credit.com/citic/index_16.shtml get web done
2018-04-02 15:25:15 - INFO - 51CreditCardCitic0 https://kaku.51credit.com/citic/index_16.shtml process done
2018-04-02 15:25:16 - DEBUG - all crawlers are not busy, close all
2018-04-02 15:25:17 - DEBUG - 51CreditCardCitic1 close
2018-04-02 15:25:17 - DEBUG - 51CreditCardCitic2 close
2018-04-02 15:25:18 - DEBUG - 51CreditCardCitic0 close
